{
  "RSpec": {
    "coverage": {
      "/data/web/twobrightlights_api/spec/support/factory_girl.rb": [
        null,
        null,
        1,
        1,
        null
      ],
      "/data/web/twobrightlights_api/spec/support/controller_macros.rb": [
        null,
        1,
        null,
        null,
        null,
        null,
        null,
        null,
        null,
        1,
        0,
        0,
        0,
        0,
        0,
        null,
        null,
        null
      ],
      "/data/web/twobrightlights_api/spec/support/request_helpers.rb": [
        1,
        1,
        1,
        123,
        null,
        null,
        1,
        30,
        null,
        null,
        null,
        1,
        1,
        78,
        null,
        null,
        1,
        78,
        78,
        null,
        null,
        1,
        78,
        78,
        null,
        null,
        1,
        41,
        null,
        null,
        null,
        1,
        1,
        30,
        30,
        30,
        30,
        30,
        30,
        null,
        null,
        null
      ],
      "/data/web/twobrightlights_api/app/controllers/v1/albums_controller.rb": [
        1,
        1,
        11,
        1,
        10,
        1,
        null,
        9,
        null,
        null,
        11,
        null,
        11,
        11,
        null,
        null,
        null,
        1,
        null,
        1,
        11,
        11,
        11,
        11,
        null,
        null,
        1,
        11,
        11,
        11,
        11,
        null,
        null,
        1,
        25,
        12,
        12,
        12,
        12,
        null,
        12,
        null,
        null,
        null,
        12,
        null,
        null
      ],
      "/data/web/twobrightlights_api/app/controllers/application_controller.rb": [
        1,
        null,
        null,
        1,
        null,
        1,
        null
      ],
      "/data/web/twobrightlights_api/app/controllers/concerns/authenticable.rb": [
        1,
        1,
        82,
        null,
        null,
        1,
        74,
        null,
        null,
        1,
        74,
        null,
        null
      ],
      "/data/web/twobrightlights_api/spec/controllers/v1/media_controller_spec.rb": [
        1,
        null,
        1,
        1,
        1,
        13,
        13,
        13,
        null,
        null,
        1,
        1,
        2,
        null,
        1,
        1,
        null,
        1,
        1,
        null,
        null,
        1,
        1,
        1,
        1,
        1,
        null,
        1,
        1,
        1,
        1,
        null,
        1,
        1,
        1,
        1,
        null,
        1,
        1,
        1,
        1,
        null,
        1,
        1,
        1,
        1,
        null,
        1,
        1,
        1,
        1,
        null,
        1,
        1,
        1,
        1,
        null,
        1,
        1,
        1,
        1,
        null,
        1,
        1,
        1,
        1,
        null,
        1,
        1,
        1,
        1,
        null,
        1,
        1,
        1,
        1,
        null,
        null,
        null,
        null
      ],
      "/data/web/twobrightlights_api/app/controllers/v1/media_controller.rb": [
        1,
        1,
        1,
        27,
        27,
        5,
        null,
        22,
        null,
        null,
        null,
        1,
        null,
        1,
        27,
        null,
        null
      ],
      "/data/web/twobrightlights_api/spec/controllers/v1/sessions_controller_spec.rb": [
        1,
        null,
        1,
        1,
        1,
        4,
        null,
        null,
        1,
        1,
        2,
        2,
        null,
        1,
        1,
        1,
        null,
        2,
        null,
        null,
        1,
        1,
        2,
        2,
        null,
        1,
        1,
        null,
        2,
        null,
        null,
        1,
        1,
        1,
        1,
        1,
        null,
        2,
        null,
        null
      ],
      "/data/web/twobrightlights_api/app/controllers/v1/sessions_controller.rb": [
        1,
        1,
        null,
        1,
        39,
        39,
        39,
        null,
        39,
        35,
        35,
        35,
        35,
        null,
        4,
        null,
        null,
        null,
        1,
        3,
        3,
        3,
        3,
        null,
        null
      ],
      "/data/web/twobrightlights_api/spec/controllers/v1/user_authorizations_controller_spec.rb": [
        1,
        null,
        1,
        1,
        23,
        23,
        23,
        23,
        23,
        23,
        null,
        1,
        1,
        1,
        2,
        2,
        2,
        null,
        1,
        1,
        null,
        2,
        null,
        null,
        1,
        1,
        3,
        null,
        null,
        null,
        null,
        3,
        3,
        null,
        1,
        1,
        null,
        1,
        1,
        null,
        1,
        1,
        null,
        null,
        null,
        null,
        1,
        1,
        1,
        2,
        2,
        null,
        1,
        1,
        null,
        2,
        null,
        1,
        1,
        2,
        2,
        null,
        1,
        1,
        null,
        2,
        null,
        null,
        null,
        1,
        1,
        1,
        6,
        6,
        null,
        null,
        1,
        1,
        null,
        1,
        1,
        null,
        1,
        1,
        null,
        1,
        1,
        null,
        1,
        1,
        null,
        null,
        2,
        null,
        1,
        1,
        2,
        2,
        null,
        1,
        1,
        null,
        1,
        1,
        null,
        null,
        1,
        1,
        2,
        2,
        null,
        1,
        1,
        null,
        1,
        1,
        null,
        null,
        null,
        null,
        1,
        1,
        1,
        2,
        2,
        2,
        null,
        1,
        1,
        null,
        2,
        null,
        1,
        1,
        2,
        2,
        null,
        1,
        1,
        null,
        1,
        1,
        null,
        null,
        null,
        null
      ],
      "/data/web/twobrightlights_api/app/controllers/v1/user_authorizations_controller.rb": [
        1,
        1,
        1,
        null,
        1,
        11,
        11,
        4,
        null,
        7,
        null,
        null,
        null,
        1,
        3,
        3,
        null,
        null,
        1,
        10,
        10,
        7,
        null,
        3,
        null,
        null,
        null,
        1,
        4,
        null,
        null,
        1,
        null,
        1,
        11,
        null,
        null
      ],
      "/data/web/twobrightlights_api/spec/controllers/v1/users_controller_spec.rb": [
        1,
        null,
        1,
        1,
        1,
        10,
        10,
        null,
        null,
        1,
        1,
        null,
        null,
        1,
        1,
        null,
        1,
        1,
        null,
        1,
        1,
        null,
        1,
        1,
        null,
        1,
        1,
        null,
        1,
        1,
        null,
        1,
        1,
        null,
        1,
        1,
        null,
        2,
        null,
        null,
        1,
        1,
        1,
        2,
        2,
        null,
        1,
        1,
        null,
        2,
        null,
        null,
        1,
        1,
        2,
        null,
        2,
        null,
        1,
        1,
        null,
        null,
        1,
        1,
        null,
        null,
        null,
        1,
        1,
        4,
        4,
        null,
        1,
        1,
        1,
        1,
        null,
        1,
        1,
        1,
        1,
        null,
        1,
        1,
        1,
        1,
        null,
        1,
        1,
        1,
        1,
        null,
        null,
        null,
        null,
        1,
        1,
        4,
        4,
        null,
        1,
        1,
        2,
        null,
        null,
        1,
        1,
        null,
        2,
        null,
        1,
        1,
        2,
        2,
        null,
        null,
        1,
        1,
        null,
        1,
        1,
        null,
        null,
        null,
        null,
        1,
        1,
        1,
        1,
        1,
        null,
        null,
        2,
        null,
        null
      ],
      "/data/web/twobrightlights_api/app/controllers/v1/users_controller.rb": [
        1,
        1,
        null,
        1,
        null,
        1,
        11,
        null,
        null,
        1,
        17,
        17,
        5,
        null,
        12,
        null,
        null,
        null,
        1,
        6,
        null,
        6,
        3,
        null,
        3,
        null,
        null,
        null,
        1,
        2,
        2,
        null,
        null,
        1,
        null,
        1,
        23,
        null,
        null
      ],
      "/data/web/twobrightlights_api/spec/features/rails_admin/organization_spec.rb": [
        1,
        null,
        1,
        1,
        7,
        7,
        7,
        null,
        1,
        1,
        null,
        1,
        1,
        null,
        1,
        1,
        null,
        1,
        1,
        null,
        1,
        1,
        null,
        1,
        1,
        null,
        1,
        1,
        null,
        null,
        null,
        1,
        1,
        12,
        12,
        12,
        12,
        12,
        null,
        1,
        1,
        null,
        1,
        1,
        null,
        1,
        1,
        null,
        1,
        1,
        null,
        1,
        1,
        null,
        1,
        1,
        null,
        1,
        1,
        null,
        1,
        1,
        null,
        1,
        1,
        null,
        1,
        1,
        null,
        1,
        1,
        null,
        1,
        1,
        null,
        null
      ],
      "/data/web/twobrightlights_api/spec/lib/devise/sha1_spec.rb": [
        1,
        null,
        1,
        1,
        1,
        1,
        1,
        null,
        1,
        1,
        null,
        null,
        null
      ],
      "/data/web/twobrightlights_api/spec/models/address_spec.rb": [
        1,
        null,
        1,
        1,
        1,
        null,
        3,
        null,
        1,
        2,
        2,
        2,
        2,
        null,
        2,
        2,
        2,
        2,
        2,
        2,
        2,
        null,
        2,
        null,
        null,
        1,
        1,
        1,
        1,
        6,
        6,
        null,
        null,
        null,
        null,
        1,
        1,
        1,
        1,
        4,
        4,
        null,
        null,
        null,
        null
      ],
      "/data/web/twobrightlights_api/app/models/address.rb": [
        1,
        1,
        1,
        1,
        1,
        1,
        null,
        1,
        1,
        1,
        1,
        1,
        null,
        1,
        1,
        1,
        null,
        1,
        1,
        1,
        null,
        1,
        1,
        1,
        null,
        1,
        1,
        null,
        1,
        1,
        null,
        1,
        1,
        1,
        null,
        1,
        1,
        1,
        null,
        1,
        1,
        1,
        null,
        null,
        null,
        null
      ],
      "/data/web/twobrightlights_api/lib/validator/email_validator.rb": [
        1,
        1,
        9,
        14,
        null,
        null
      ],
      "/data/web/twobrightlights_api/spec/models/admin_spec.rb": [
        1,
        null,
        1,
        null,
        null
      ],
      "/data/web/twobrightlights_api/spec/models/album_spec.rb": [
        1,
        null,
        1,
        1,
        1,
        null,
        1,
        null,
        1,
        2,
        null,
        2,
        2,
        2,
        2,
        2,
        2,
        2,
        null,
        null
      ],
      "/data/web/twobrightlights_api/app/models/album.rb": [
        1,
        1,
        1,
        1,
        1,
        1,
        1,
        1,
        1,
        1,
        1,
        null
      ],
      "/data/web/twobrightlights_api/spec/models/event_spec.rb": [
        1,
        null,
        1,
        1,
        1,
        null,
        5,
        null,
        1,
        2,
        2,
        2,
        2,
        null,
        null
      ],
      "/data/web/twobrightlights_api/app/models/subject.rb": [
        1,
        1,
        1,
        1,
        1,
        1,
        null,
        1,
        1,
        null,
        1,
        null,
        1,
        25,
        null,
        null
      ],
      "/data/web/twobrightlights_api/spec/models/group_spec.rb": [
        1,
        null,
        1,
        1,
        5,
        5,
        null,
        1,
        1,
        1,
        null,
        null,
        1,
        1,
        1,
        null,
        null,
        1,
        1,
        1,
        1,
        1,
        null,
        null,
        1,
        1,
        1,
        1,
        1,
        1,
        null,
        null,
        null,
        1,
        4,
        4,
        1,
        3,
        null,
        null,
        1,
        1,
        1,
        null,
        null,
        1,
        1,
        1,
        null,
        null,
        1,
        1,
        1,
        1,
        1,
        1,
        null,
        null,
        null
      ],
      "/data/web/twobrightlights_api/spec/models/media_spec.rb": [
        1,
        null,
        1,
        1,
        1,
        null,
        16,
        null,
        1,
        2,
        2,
        2,
        2,
        2,
        2,
        2,
        2,
        2,
        2,
        2,
        null,
        2,
        2,
        2,
        2,
        null,
        null
      ],
      "/data/web/twobrightlights_api/app/models/media.rb": [
        1,
        1,
        1,
        1,
        1,
        1,
        1,
        1,
        1,
        1,
        1,
        1,
        1,
        null,
        1,
        null
      ],
      "/data/web/twobrightlights_api/spec/models/organization_album_spec.rb": [
        1,
        null,
        1,
        1,
        1,
        null,
        3,
        null,
        1,
        2,
        2,
        null,
        null
      ],
      "/data/web/twobrightlights_api/spec/models/organization_spec.rb": [
        1,
        null,
        1,
        1,
        1,
        null,
        1,
        2,
        null,
        1,
        2,
        2,
        2,
        2,
        2,
        null,
        2,
        2,
        2,
        2,
        2,
        2,
        2,
        2,
        2,
        2,
        2,
        2,
        null,
        2,
        2,
        2,
        2,
        2,
        2,
        2,
        2,
        2,
        2,
        2,
        2,
        2,
        2,
        2,
        2,
        2,
        2,
        2,
        2,
        null,
        null
      ],
      "/data/web/twobrightlights_api/app/models/organization.rb": [
        1,
        1,
        1,
        1,
        1,
        1,
        1,
        1,
        1,
        1,
        1,
        1,
        9,
        null,
        1,
        1,
        1,
        1,
        1,
        1,
        null,
        1,
        1,
        1,
        null,
        1,
        1,
        1,
        0,
        null,
        null,
        1,
        1,
        null,
        1,
        1,
        1,
        0,
        null,
        null,
        1,
        1,
        1,
        0,
        null,
        null,
        1,
        1,
        null,
        1,
        1,
        1,
        null,
        null,
        1,
        1,
        1,
        null,
        1,
        1,
        1,
        null,
        1,
        1,
        1,
        null,
        1,
        1,
        1,
        null,
        1,
        1,
        null,
        1,
        1,
        1,
        1,
        1,
        12,
        12,
        12,
        432,
        null,
        12,
        null,
        null,
        1,
        1,
        1,
        null,
        1,
        1,
        1,
        1,
        1,
        null,
        1,
        1,
        1,
        null,
        1,
        1,
        1,
        null,
        null,
        null,
        1,
        1,
        1,
        1,
        1,
        1,
        null,
        1,
        1,
        null,
        null,
        null,
        null
      ],
      "/data/web/twobrightlights_api/spec/models/publication_spec.rb": [
        1,
        null,
        1,
        1,
        1,
        null,
        6,
        null,
        1,
        2,
        2,
        2,
        2,
        2,
        null,
        null
      ],
      "/data/web/twobrightlights_api/app/models/publication.rb": [
        1,
        1,
        1,
        1,
        1,
        1,
        null,
        1,
        null
      ],
      "/data/web/twobrightlights_api/spec/models/published_album_spec.rb": [
        1,
        null,
        1,
        1,
        1,
        null,
        3,
        null,
        1,
        2,
        2,
        null,
        null
      ],
      "/data/web/twobrightlights_api/spec/models/subject_spec.rb": [
        1,
        null,
        1,
        1,
        1,
        null,
        12,
        null,
        1,
        2,
        null,
        2,
        2,
        2,
        2,
        null,
        2,
        2,
        2,
        null,
        2,
        2,
        null,
        1,
        1,
        null,
        null,
        null
      ],
      "/data/web/twobrightlights_api/spec/models/user_authorization_spec.rb": [
        1,
        null,
        1,
        1,
        1,
        null,
        5,
        null,
        2,
        2,
        2,
        2,
        null
      ],
      "/data/web/twobrightlights_api/spec/models/user_spec.rb": [
        1,
        null,
        1,
        26,
        null,
        18,
        null,
        1,
        2,
        2,
        2,
        2,
        2,
        2,
        2,
        2,
        null,
        2,
        2,
        2,
        2,
        null,
        2,
        2,
        2,
        2,
        null,
        null,
        1,
        2,
        2,
        null,
        null,
        null,
        1,
        1,
        1,
        1,
        null,
        null,
        1,
        1,
        1,
        null,
        null,
        1,
        1,
        1,
        null,
        null,
        null,
        1,
        1,
        1,
        1,
        1,
        1,
        null,
        1,
        1,
        2,
        2,
        2,
        null,
        2,
        2,
        2,
        2,
        null,
        null,
        1,
        1,
        null,
        null,
        1,
        1,
        null,
        null,
        null,
        null,
        1,
        1,
        1,
        1,
        1,
        null,
        1,
        1,
        1,
        1,
        null,
        null,
        null
      ],
      "/data/web/twobrightlights_api/spec/requests/media_spec.rb": [
        1,
        null,
        1,
        1,
        1,
        13,
        13,
        null,
        1,
        1,
        1,
        null,
        1,
        1,
        1,
        1,
        1,
        null,
        1,
        1,
        1,
        1,
        1,
        null,
        1,
        1,
        1,
        1,
        1,
        null,
        1,
        1,
        1,
        1,
        1,
        null,
        1,
        1,
        1,
        1,
        1,
        null,
        1,
        1,
        1,
        1,
        1,
        null,
        1,
        1,
        1,
        1,
        1,
        null,
        1,
        1,
        1,
        1,
        1,
        null,
        1,
        1,
        1,
        1,
        1,
        null,
        1,
        1,
        1,
        1,
        1,
        null,
        1,
        1,
        1,
        1,
        1,
        null,
        1,
        1,
        1,
        null,
        null,
        null
      ],
      "/data/web/twobrightlights_api/spec/requests/sessions_spec.rb": [
        1,
        null,
        1,
        1,
        1,
        3,
        null,
        1,
        1,
        1,
        1,
        1,
        1,
        null,
        1,
        1,
        1,
        1,
        null,
        1,
        1,
        1,
        1,
        null,
        null,
        null,
        1,
        1,
        2,
        2,
        2,
        2,
        null,
        1,
        1,
        1,
        null,
        1,
        1,
        1,
        null,
        null,
        null
      ],
      "/data/web/twobrightlights_api/spec/requests/user_authorizations_spec.rb": [
        1,
        null,
        1,
        1,
        1,
        6,
        6,
        null,
        1,
        1,
        1,
        null,
        1,
        1,
        1,
        1,
        1,
        null,
        1,
        1,
        1,
        1,
        1,
        null,
        1,
        1,
        1,
        1,
        1,
        null,
        1,
        1,
        1,
        1,
        1,
        null,
        1,
        1,
        1,
        null,
        null,
        null,
        1,
        1,
        2,
        2,
        null,
        null,
        1,
        1,
        1,
        1,
        null,
        1,
        1,
        1,
        1,
        null,
        null,
        null,
        1,
        1,
        3,
        3,
        null,
        1,
        1,
        1,
        1,
        null,
        null,
        null,
        null,
        null,
        null,
        null,
        1,
        1,
        1,
        1,
        null,
        1,
        1,
        1,
        1,
        null,
        null,
        1,
        1,
        3,
        null,
        1,
        1,
        1,
        1,
        1,
        1,
        1,
        null,
        null,
        null,
        null,
        null,
        null,
        1,
        null,
        null,
        null,
        null,
        null,
        null,
        null,
        1,
        1,
        1,
        1,
        null,
        1,
        1,
        1,
        1,
        null,
        null,
        null
      ],
      "/data/web/twobrightlights_api/spec/requests/users_spec.rb": [
        1,
        null,
        1,
        1,
        1,
        1,
        null,
        1,
        1,
        1,
        null,
        null,
        null,
        null,
        null,
        null,
        null,
        null,
        null,
        null,
        null,
        null,
        null,
        null,
        null,
        1,
        1,
        7,
        7,
        null,
        1,
        1,
        1,
        1,
        1,
        1,
        1,
        null,
        1,
        1,
        null,
        1,
        1,
        1,
        null,
        1,
        1,
        1,
        1,
        1,
        null,
        1,
        1,
        1,
        1,
        1,
        null,
        1,
        1,
        1,
        1,
        1,
        null,
        1,
        1,
        1,
        1,
        1,
        null,
        1,
        1,
        1,
        1,
        1,
        null,
        null,
        1,
        1,
        1,
        null,
        null,
        1,
        1,
        1,
        null,
        null,
        1,
        1,
        2,
        null,
        null,
        1,
        1,
        1,
        null,
        null,
        null,
        1,
        1,
        1,
        null,
        null,
        1,
        1,
        1,
        null,
        null,
        null,
        1,
        1,
        1,
        null,
        null,
        null,
        null
      ],
      "/data/web/twobrightlights_api/spec/routing/albums_spec.rb": [
        1,
        null,
        1,
        1,
        1,
        null,
        null,
        1,
        1,
        null,
        null,
        1,
        1,
        null,
        null,
        1,
        1,
        null,
        null,
        1,
        1,
        null,
        null,
        1,
        1,
        null,
        null
      ],
      "/data/web/twobrightlights_api/spec/routing/media_spec.rb": [
        1,
        null,
        1,
        1,
        1,
        null,
        null,
        1,
        1,
        null,
        null,
        1,
        1,
        null,
        null,
        1,
        1,
        null,
        null,
        1,
        1,
        null,
        null
      ],
      "/data/web/twobrightlights_api/spec/routing/organization_spec.rb": [
        1,
        null,
        1,
        1,
        1,
        null,
        null,
        1,
        1,
        null,
        null,
        1,
        1,
        null,
        null,
        1,
        1,
        null,
        null,
        1,
        1,
        null,
        null
      ],
      "/data/web/twobrightlights_api/spec/routing/publications_spec.rb": [
        1,
        null,
        1,
        1,
        1,
        null,
        null,
        1,
        1,
        null,
        null,
        1,
        1,
        null,
        null,
        1,
        1,
        null,
        null,
        1,
        1,
        null,
        null
      ],
      "/data/web/twobrightlights_api/spec/routing/sessions_spec.rb": [
        1,
        null,
        1,
        1,
        1,
        null,
        1,
        1,
        null,
        null
      ],
      "/data/web/twobrightlights_api/spec/routing/submissions_spec.rb": [
        1,
        null,
        1,
        1,
        1,
        null,
        null,
        1,
        1,
        null,
        null,
        1,
        1,
        null,
        null,
        1,
        1,
        null,
        null,
        1,
        1,
        null,
        null
      ],
      "/data/web/twobrightlights_api/spec/routing/user_authorizations_spec.rb": [
        1,
        null,
        1,
        1,
        1,
        null,
        null,
        1,
        1,
        null,
        null,
        1,
        1,
        null,
        null,
        1,
        1,
        null,
        null
      ],
      "/data/web/twobrightlights_api/spec/routing/users_spec.rb": [
        1,
        null,
        1,
        1,
        1,
        null,
        null,
        1,
        1,
        null,
        null,
        1,
        1,
        null,
        null,
        1,
        1,
        null,
        null
      ],
      "/data/web/twobrightlights_api/db/seeds.rb": [
        1,
        null,
        null,
        null,
        null,
        null,
        null,
        null,
        null,
        1,
        null,
        null,
        null,
        null,
        null,
        null,
        null,
        null,
        null,
        null,
        1,
        null,
        1,
        null,
        null,
        null,
        null,
        null,
        null,
        1,
        1,
        1,
        1,
        null,
        1,
        null,
        null,
        null,
        null,
        null,
        null,
        0,
        null,
        null,
        null,
        null
      ],
      "/data/web/twobrightlights_api/app/models/event.rb": [
        1,
        1,
        1,
        1,
        1,
        null,
        1,
        null
      ],
      "/data/web/twobrightlights_api/app/models/user_authorization.rb": [
        1,
        1,
        1,
        1,
        1,
        null,
        null,
        null,
        null,
        1,
        null
      ]
    },
    "timestamp": 1437460022
  }
}
